ERROR:root:error setting ticket price on b'Kirkland Waterfront Car Show'
ERROR:root:error setting ticket price on b'MOTORSPORT ...WITH ATTITUDE!'
ERROR:root:error setting ticket price on b'TRAX Silverstone powered by TurboZentrum CLUB TICKETS'
ERROR:root:error setting ticket price on b'Ford Fair powered by Mountune CLUB TICKETS'
ERROR:root:error setting ticket price on b'Kirkland Waterfront Car Show'
ERROR:root:error setting ticket price on b'Manhattan Beach Cars & Coffee'
ERROR:root:error setting ticket price on b'MOTORSPORT ...WITH ATTITUDE!'
ERROR:root:error setting ticket price on b'TRAX Silverstone powered by TurboZentrum CLUB TICKETS'
ERROR:root:error setting ticket price on b'Ford Fair powered by Mountune CLUB TICKETS'
ERROR:root:error setting ticket price on b'Kirkland Waterfront Car Show'
ERROR:root:error setting ticket price on b'MOTORSPORT ...WITH ATTITUDE!'
ERROR:root:error setting ticket price on b'TRAX Silverstone powered by TurboZentrum CLUB TICKETS'
ERROR:root:error setting ticket price on b'Ford Fair powered by Mountune CLUB TICKETS'
ERROR:root:error setting ticket price on b'Kirkland Waterfront Car Show'
ERROR:root:error setting ticket price on b'Manhattan Beach Cars & Coffee'
ERROR:root:error setting ticket price on b'MOTORSPORT ...WITH ATTITUDE!'
ERROR:root:error setting ticket price on b'TRAX Silverstone powered by TurboZentrum CLUB TICKETS'
ERROR:root:error setting ticket price on b'Ford Fair powered by Mountune CLUB TICKETS'
ERROR:root:error setting ticket price on b'Munro Vehicles: Launch Event'
ERROR:root:error setting ticket price on b'MOTORSPORT ...WITH ATTITUDE!'
ERROR:root:error setting ticket price on b'Bromley Pageant of Motoring - Clubs'
ERROR:root:error setting ticket price on b'Central Valley Showdown 2022'
